2023-02-08 14:27:27,135 INFO com.dinet.documents.DocumentsApplication [restartedMain] Starting DocumentsApplication using Java 17.0.5 on RLPT1177 with PID 10036 (D:\Desarrollos en Java\documents\target\classes started by chuamani in D:\Desarrollos en Java\documents)
2023-02-08 14:27:27,138 DEBUG com.dinet.documents.DocumentsApplication [restartedMain] Running with Spring Boot v2.7.8, Spring v5.3.25
2023-02-08 14:27:27,139 INFO com.dinet.documents.DocumentsApplication [restartedMain] No active profile set, falling back to 1 default profile: "default"
2023-02-08 14:27:29,251 INFO com.dinet.documents.DocumentsApplication [restartedMain] Started DocumentsApplication in 2.692 seconds (JVM running for 4.171)
2023-02-08 14:28:36,098 INFO com.dinet.documents.DocumentsApplication [restartedMain] Starting DocumentsApplication using Java 17.0.5 on RLPT1177 with PID 17232 (D:\Desarrollos en Java\documents\target\classes started by chuamani in D:\Desarrollos en Java\documents)
2023-02-08 14:28:36,150 DEBUG com.dinet.documents.DocumentsApplication [restartedMain] Running with Spring Boot v2.7.8, Spring v5.3.25
2023-02-08 14:28:36,152 INFO com.dinet.documents.DocumentsApplication [restartedMain] No active profile set, falling back to 1 default profile: "default"
2023-02-08 14:58:41,112 INFO com.dinet.documents.DocumentsApplication [restartedMain] Starting DocumentsApplication using Java 17.0.5 on RLPT1177 with PID 532 (D:\Desarrollos en Java\documents\target\classes started by chuamani in D:\Desarrollos en Java\documents)
2023-02-08 14:58:41,116 DEBUG com.dinet.documents.DocumentsApplication [restartedMain] Running with Spring Boot v2.7.8, Spring v5.3.25
2023-02-08 14:58:41,117 INFO com.dinet.documents.DocumentsApplication [restartedMain] No active profile set, falling back to 1 default profile: "default"
2023-02-08 14:58:43,378 INFO com.dinet.documents.DocumentsApplication [restartedMain] Started DocumentsApplication in 2.876 seconds (JVM running for 4.555)
2023-02-08 15:09:10,490 INFO com.dinet.documents.DocumentsApplication [restartedMain] Starting DocumentsApplication using Java 17.0.5 on RLPT1177 with PID 9300 (D:\Desarrollos en Java\documents\target\classes started by chuamani in D:\Desarrollos en Java\documents)
2023-02-08 15:09:10,498 DEBUG com.dinet.documents.DocumentsApplication [restartedMain] Running with Spring Boot v2.7.8, Spring v5.3.25
2023-02-08 15:09:10,500 INFO com.dinet.documents.DocumentsApplication [restartedMain] No active profile set, falling back to 1 default profile: "default"
2023-02-08 15:09:16,794 INFO com.dinet.documents.DocumentsApplication [restartedMain] Started DocumentsApplication in 7.009 seconds (JVM running for 9.566)
2023-02-08 15:25:36,781 INFO com.dinet.documents.DocumentsApplicationTests [main] Starting DocumentsApplicationTests using Java 17.0.5 on RLPT1177 with PID 9848 (started by chuamani in D:\Desarrollos en Java\documents)
2023-02-08 15:25:36,786 DEBUG com.dinet.documents.DocumentsApplicationTests [main] Running with Spring Boot v2.7.8, Spring v5.3.25
2023-02-08 15:25:36,786 INFO com.dinet.documents.DocumentsApplicationTests [main] No active profile set, falling back to 1 default profile: "default"
2023-02-08 15:26:23,260 INFO com.dinet.documents.DocumentsApplicationTests [main] Starting DocumentsApplicationTests using Java 17.0.5 on RLPT1177 with PID 13952 (started by chuamani in D:\Desarrollos en Java\documents)
2023-02-08 15:26:23,265 DEBUG com.dinet.documents.DocumentsApplicationTests [main] Running with Spring Boot v2.7.8, Spring v5.3.25
2023-02-08 15:26:23,267 INFO com.dinet.documents.DocumentsApplicationTests [main] No active profile set, falling back to 1 default profile: "default"
2023-02-08 17:16:00,891 INFO com.dinet.documents.DocumentsApplication [restartedMain] Starting DocumentsApplication using Java 17.0.5 on RLPT1177 with PID 16496 (D:\Desarrollos en Java\documents\target\classes started by chuamani in D:\Desarrollos en Java\documents)
2023-02-08 17:16:00,896 DEBUG com.dinet.documents.DocumentsApplication [restartedMain] Running with Spring Boot v2.7.8, Spring v5.3.25
2023-02-08 17:16:00,898 INFO com.dinet.documents.DocumentsApplication [restartedMain] No active profile set, falling back to 1 default profile: "default"
2023-02-08 17:16:03,632 INFO com.dinet.documents.DocumentsApplication [restartedMain] Started DocumentsApplication in 3.467 seconds (JVM running for 5.838)
2023-02-08 17:16:23,065 INFO com.dinet.documents.DocumentsApplication [restartedMain] Starting DocumentsApplication using Java 17.0.5 on RLPT1177 with PID 13892 (D:\Desarrollos en Java\documents\target\classes started by chuamani in D:\Desarrollos en Java\documents)
2023-02-08 17:16:23,069 DEBUG com.dinet.documents.DocumentsApplication [restartedMain] Running with Spring Boot v2.7.8, Spring v5.3.25
2023-02-08 17:16:23,070 INFO com.dinet.documents.DocumentsApplication [restartedMain] No active profile set, falling back to 1 default profile: "default"
2023-02-08 17:18:16,817 INFO com.dinet.documents.DocumentsApplication [restartedMain] Starting DocumentsApplication using Java 17.0.5 on RLPT1177 with PID 20908 (D:\Desarrollos en Java\documents\target\classes started by chuamani in D:\Desarrollos en Java\documents)
2023-02-08 17:18:16,826 DEBUG com.dinet.documents.DocumentsApplication [restartedMain] Running with Spring Boot v2.7.8, Spring v5.3.25
2023-02-08 17:18:16,827 INFO com.dinet.documents.DocumentsApplication [restartedMain] No active profile set, falling back to 1 default profile: "default"
2023-02-08 17:19:21,447 INFO com.dinet.documents.DocumentsApplication [restartedMain] Started DocumentsApplication in 65.257 seconds (JVM running for 67.552)
2023-02-08 17:21:29,027 INFO com.dinet.documents.DocumentsApplication [restartedMain] Starting DocumentsApplication using Java 17.0.5 on RLPT1177 with PID 20908 (D:\Desarrollos en Java\documents\target\classes started by chuamani in D:\Desarrollos en Java\documents)
2023-02-08 17:21:29,032 DEBUG com.dinet.documents.DocumentsApplication [restartedMain] Running with Spring Boot v2.7.8, Spring v5.3.25
2023-02-08 17:21:29,037 INFO com.dinet.documents.DocumentsApplication [restartedMain] No active profile set, falling back to 1 default profile: "default"
2023-02-08 17:22:38,631 INFO com.dinet.documents.DocumentsApplication [restartedMain] Started DocumentsApplication in 74.511 seconds (JVM running for 264.735)
2023-02-08 17:22:49,384 INFO com.dinet.documents.DocumentsApplication [restartedMain] Starting DocumentsApplication using Java 17.0.5 on RLPT1177 with PID 20908 (D:\Desarrollos en Java\documents\target\classes started by chuamani in D:\Desarrollos en Java\documents)
2023-02-08 17:22:49,400 DEBUG com.dinet.documents.DocumentsApplication [restartedMain] Running with Spring Boot v2.7.8, Spring v5.3.25
2023-02-08 17:22:49,412 INFO com.dinet.documents.DocumentsApplication [restartedMain] No active profile set, falling back to 1 default profile: "default"
2023-02-08 17:24:13,452 INFO com.dinet.documents.DocumentsApplication [restartedMain] Started DocumentsApplication in 91.784 seconds (JVM running for 359.558)
2023-02-08 17:38:40,616 INFO com.dinet.documents.DocumentsApplication [restartedMain] Starting DocumentsApplication using Java 17.0.5 on RLPT1177 with PID 20908 (D:\Desarrollos en Java\documents\target\classes started by chuamani in D:\Desarrollos en Java\documents)
2023-02-08 17:38:40,619 DEBUG com.dinet.documents.DocumentsApplication [restartedMain] Running with Spring Boot v2.7.8, Spring v5.3.25
2023-02-08 17:38:40,622 INFO com.dinet.documents.DocumentsApplication [restartedMain] No active profile set, falling back to 1 default profile: "default"
2023-02-08 17:41:34,421 INFO com.dinet.documents.DocumentsApplication [restartedMain] Starting DocumentsApplication using Java 17.0.5 on RLPT1177 with PID 9804 (D:\Desarrollos en Java\documents\target\classes started by chuamani in D:\Desarrollos en Java\documents)
2023-02-08 17:41:34,425 DEBUG com.dinet.documents.DocumentsApplication [restartedMain] Running with Spring Boot v2.7.8, Spring v5.3.25
2023-02-08 17:41:34,425 INFO com.dinet.documents.DocumentsApplication [restartedMain] No active profile set, falling back to 1 default profile: "default"
2023-02-08 17:41:53,436 INFO com.dinet.documents.DocumentsApplication [restartedMain] Started DocumentsApplication in 19.324 seconds (JVM running for 20.275)
2023-02-08 17:42:00,327 INFO com.dinet.documents.DocumentsApplication [restartedMain] Starting DocumentsApplication using Java 17.0.5 on RLPT1177 with PID 21448 (D:\Desarrollos en Java\documents\target\classes started by chuamani in D:\Desarrollos en Java\documents)
2023-02-08 17:42:00,333 DEBUG com.dinet.documents.DocumentsApplication [restartedMain] Running with Spring Boot v2.7.8, Spring v5.3.25
2023-02-08 17:42:00,334 INFO com.dinet.documents.DocumentsApplication [restartedMain] No active profile set, falling back to 1 default profile: "default"
2023-02-08 17:42:22,736 INFO com.dinet.documents.DocumentsApplication [restartedMain] Started DocumentsApplication in 22.719 seconds (JVM running for 23.73)
2023-02-08 17:46:42,912 INFO com.dinet.documents.DocumentsApplication [restartedMain] Starting DocumentsApplication using Java 17.0.5 on RLPT1177 with PID 23252 (D:\Desarrollos en Java\documents\target\classes started by chuamani in D:\Desarrollos en Java\documents)
2023-02-08 17:46:42,914 DEBUG com.dinet.documents.DocumentsApplication [restartedMain] Running with Spring Boot v2.7.8, Spring v5.3.25
2023-02-08 17:46:42,915 INFO com.dinet.documents.DocumentsApplication [restartedMain] No active profile set, falling back to 1 default profile: "default"
2023-02-08 17:47:04,630 INFO com.dinet.documents.DocumentsApplication [restartedMain] Started DocumentsApplication in 21.998 seconds (JVM running for 23.067)
2023-02-08 17:52:19,559 INFO com.dinet.documents.DocumentsApplication [restartedMain] Starting DocumentsApplication using Java 17.0.5 on RLPT1177 with PID 12480 (D:\Desarrollos en Java\documents\target\classes started by chuamani in D:\Desarrollos en Java\documents)
2023-02-08 17:52:19,560 DEBUG com.dinet.documents.DocumentsApplication [restartedMain] Running with Spring Boot v2.7.8, Spring v5.3.25
2023-02-08 17:52:19,561 INFO com.dinet.documents.DocumentsApplication [restartedMain] No active profile set, falling back to 1 default profile: "default"
2023-02-08 17:52:28,153 INFO com.dinet.documents.DocumentsApplication [restartedMain] Starting DocumentsApplication using Java 17.0.5 on RLPT1177 with PID 11208 (D:\Desarrollos en Java\documents\target\classes started by chuamani in D:\Desarrollos en Java\documents)
2023-02-08 17:52:28,157 DEBUG com.dinet.documents.DocumentsApplication [restartedMain] Running with Spring Boot v2.7.8, Spring v5.3.25
2023-02-08 17:52:28,157 INFO com.dinet.documents.DocumentsApplication [restartedMain] No active profile set, falling back to 1 default profile: "default"
2023-02-08 17:53:25,419 INFO com.dinet.documents.DocumentsApplication [restartedMain] Starting DocumentsApplication using Java 17.0.5 on RLPT1177 with PID 23324 (D:\Desarrollos en Java\documents\target\classes started by chuamani in D:\Desarrollos en Java\documents)
2023-02-08 17:53:25,420 DEBUG com.dinet.documents.DocumentsApplication [restartedMain] Running with Spring Boot v2.7.8, Spring v5.3.25
2023-02-08 17:53:25,421 INFO com.dinet.documents.DocumentsApplication [restartedMain] No active profile set, falling back to 1 default profile: "default"
2023-02-08 17:53:26,427 INFO com.dinet.documents.DocumentsApplication [restartedMain] Started DocumentsApplication in 1.24 seconds (JVM running for 2.024)
2023-02-08 18:16:42,350 INFO com.dinet.documents.DocumentsApplication [restartedMain] Starting DocumentsApplication using Java 17.0.5 on RLPT1177 with PID 6872 (D:\Desarrollos en Java\documents\target\classes started by chuamani in D:\Desarrollos en Java\documents)
2023-02-08 18:16:42,356 DEBUG com.dinet.documents.DocumentsApplication [restartedMain] Running with Spring Boot v2.7.8, Spring v5.3.25
2023-02-08 18:16:42,356 INFO com.dinet.documents.DocumentsApplication [restartedMain] No active profile set, falling back to 1 default profile: "default"
2023-02-08 18:17:03,633 INFO com.dinet.documents.DocumentsApplication [restartedMain] Started DocumentsApplication in 21.595 seconds (JVM running for 22.549)
2023-02-08 18:19:56,273 INFO com.dinet.documents.DocumentsApplication [restartedMain] Starting DocumentsApplication using Java 17.0.5 on RLPT1177 with PID 6872 (D:\Desarrollos en Java\documents\target\classes started by chuamani in D:\Desarrollos en Java\documents)
2023-02-08 18:19:56,277 DEBUG com.dinet.documents.DocumentsApplication [restartedMain] Running with Spring Boot v2.7.8, Spring v5.3.25
2023-02-08 18:19:56,279 INFO com.dinet.documents.DocumentsApplication [restartedMain] No active profile set, falling back to 1 default profile: "default"
2023-02-09 09:43:13,296 INFO com.dinet.documents.DocumentsApplication [restartedMain] Starting DocumentsApplication using Java 17.0.5 on RLPT1177 with PID 9336 (D:\Desarrollos en Java\documents\target\classes started by chuamani in D:\Desarrollos en Java\documents)
2023-02-09 09:43:13,300 DEBUG com.dinet.documents.DocumentsApplication [restartedMain] Running with Spring Boot v2.7.8, Spring v5.3.25
2023-02-09 09:43:13,300 INFO com.dinet.documents.DocumentsApplication [restartedMain] No active profile set, falling back to 1 default profile: "default"
2023-02-09 09:43:16,190 INFO com.dinet.documents.DocumentsApplication [restartedMain] Started DocumentsApplication in 3.533 seconds (JVM running for 5.915)
2023-02-09 10:13:42,693 INFO com.dinet.documents.DocumentsApplication [restartedMain] Starting DocumentsApplication using Java 17.0.5 on RLPT1177 with PID 11952 (D:\Desarrollos en Java\documents\target\classes started by chuamani in D:\Desarrollos en Java\documents)
2023-02-09 10:13:42,697 DEBUG com.dinet.documents.DocumentsApplication [restartedMain] Running with Spring Boot v2.7.8, Spring v5.3.25
2023-02-09 10:13:42,698 INFO com.dinet.documents.DocumentsApplication [restartedMain] No active profile set, falling back to 1 default profile: "default"
2023-02-09 10:14:07,656 INFO com.dinet.documents.DocumentsApplication [restartedMain] Started DocumentsApplication in 25.282 seconds (JVM running for 26.359)
2023-02-09 11:53:13,606 INFO com.dinet.documents.DocumentsApplication [restartedMain] Starting DocumentsApplication using Java 17.0.5 on RLPT1177 with PID 25124 (D:\Desarrollos en Java\documents\target\classes started by chuamani in D:\Desarrollos en Java\documents)
2023-02-09 11:53:13,614 DEBUG com.dinet.documents.DocumentsApplication [restartedMain] Running with Spring Boot v2.7.8, Spring v5.3.25
2023-02-09 11:53:13,615 INFO com.dinet.documents.DocumentsApplication [restartedMain] No active profile set, falling back to 1 default profile: "default"
2023-02-09 11:54:23,836 INFO com.dinet.documents.DocumentsApplication [restartedMain] Started DocumentsApplication in 71.008 seconds (JVM running for 73.623)
2023-02-09 12:07:29,664 INFO com.dinet.documents.DocumentsApplication [restartedMain] Starting DocumentsApplication using Java 17.0.5 on RLPT1177 with PID 25124 (D:\Desarrollos en Java\documents\target\classes started by chuamani in D:\Desarrollos en Java\documents)
2023-02-09 12:07:29,671 DEBUG com.dinet.documents.DocumentsApplication [restartedMain] Running with Spring Boot v2.7.8, Spring v5.3.25
2023-02-09 12:07:29,678 INFO com.dinet.documents.DocumentsApplication [restartedMain] No active profile set, falling back to 1 default profile: "default"
2023-02-09 12:20:02,203 INFO com.dinet.documents.DocumentsApplication [restartedMain] Starting DocumentsApplication using Java 17.0.5 on RLPT1177 with PID 9564 (D:\Desarrollos en Java\documents\target\classes started by chuamani in D:\Desarrollos en Java\documents)
2023-02-09 12:20:02,212 DEBUG com.dinet.documents.DocumentsApplication [restartedMain] Running with Spring Boot v2.7.8, Spring v5.3.25
2023-02-09 12:20:02,212 INFO com.dinet.documents.DocumentsApplication [restartedMain] No active profile set, falling back to 1 default profile: "default"
2023-02-09 12:20:08,452 INFO com.dinet.documents.DocumentsApplication [restartedMain] Started DocumentsApplication in 6.899 seconds (JVM running for 9.188)
2023-02-09 12:21:24,848 INFO com.dinet.documents.DocumentsApplication [restartedMain] Starting DocumentsApplication using Java 17.0.5 on RLPT1177 with PID 9564 (D:\Desarrollos en Java\documents\target\classes started by chuamani in D:\Desarrollos en Java\documents)
2023-02-09 12:21:24,848 DEBUG com.dinet.documents.DocumentsApplication [restartedMain] Running with Spring Boot v2.7.8, Spring v5.3.25
2023-02-09 12:21:24,849 INFO com.dinet.documents.DocumentsApplication [restartedMain] No active profile set, falling back to 1 default profile: "default"
2023-02-09 12:21:31,079 INFO com.dinet.documents.DocumentsApplication [restartedMain] Starting DocumentsApplication using Java 17.0.5 on RLPT1177 with PID 19644 (D:\Desarrollos en Java\documents\target\classes started by chuamani in D:\Desarrollos en Java\documents)
2023-02-09 12:21:31,088 DEBUG com.dinet.documents.DocumentsApplication [restartedMain] Running with Spring Boot v2.7.8, Spring v5.3.25
2023-02-09 12:21:31,089 INFO com.dinet.documents.DocumentsApplication [restartedMain] No active profile set, falling back to 1 default profile: "default"
2023-02-09 12:21:35,962 INFO com.dinet.documents.DocumentsApplication [restartedMain] Started DocumentsApplication in 5.712 seconds (JVM running for 8.16)
2023-02-09 12:26:12,991 INFO com.dinet.documents.DocumentsApplication [restartedMain] Starting DocumentsApplication using Java 17.0.5 on RLPT1177 with PID 19644 (D:\Desarrollos en Java\documents\target\classes started by chuamani in D:\Desarrollos en Java\documents)
2023-02-09 12:26:12,991 DEBUG com.dinet.documents.DocumentsApplication [restartedMain] Running with Spring Boot v2.7.8, Spring v5.3.25
2023-02-09 12:26:12,992 INFO com.dinet.documents.DocumentsApplication [restartedMain] No active profile set, falling back to 1 default profile: "default"
2023-02-09 12:26:16,398 INFO com.dinet.documents.DocumentsApplication [restartedMain] Started DocumentsApplication in 3.487 seconds (JVM running for 288.596)
2023-02-09 12:31:50,231 INFO com.dinet.documents.DocumentsApplication [restartedMain] Starting DocumentsApplication using Java 17.0.5 on RLPT1177 with PID 19644 (D:\Desarrollos en Java\documents\target\classes started by chuamani in D:\Desarrollos en Java\documents)
2023-02-09 12:31:50,231 DEBUG com.dinet.documents.DocumentsApplication [restartedMain] Running with Spring Boot v2.7.8, Spring v5.3.25
2023-02-09 12:31:50,231 INFO com.dinet.documents.DocumentsApplication [restartedMain] No active profile set, falling back to 1 default profile: "default"
2023-02-09 12:34:30,440 INFO com.dinet.documents.DocumentsApplication [restartedMain] Starting DocumentsApplication using Java 17.0.5 on RLPT1177 with PID 14768 (D:\Desarrollos en Java\documents\target\classes started by chuamani in D:\Desarrollos en Java\documents)
2023-02-09 12:34:30,448 DEBUG com.dinet.documents.DocumentsApplication [restartedMain] Running with Spring Boot v2.7.8, Spring v5.3.25
2023-02-09 12:34:30,450 INFO com.dinet.documents.DocumentsApplication [restartedMain] No active profile set, falling back to 1 default profile: "default"
2023-02-09 12:35:41,786 INFO com.dinet.documents.DocumentsApplication [restartedMain] Starting DocumentsApplication using Java 17.0.5 on RLPT1177 with PID 16748 (D:\Desarrollos en Java\documents\target\classes started by chuamani in D:\Desarrollos en Java\documents)
2023-02-09 12:35:41,796 DEBUG com.dinet.documents.DocumentsApplication [restartedMain] Running with Spring Boot v2.7.8, Spring v5.3.25
2023-02-09 12:35:41,797 INFO com.dinet.documents.DocumentsApplication [restartedMain] No active profile set, falling back to 1 default profile: "default"
2023-02-09 12:35:46,859 INFO com.dinet.documents.DocumentsApplication [restartedMain] Started DocumentsApplication in 77.103 seconds (JVM running for 79.379)
2023-02-09 12:38:47,648 INFO com.dinet.documents.DocumentsApplication [restartedMain] Starting DocumentsApplication using Java 17.0.5 on RLPT1177 with PID 14768 (D:\Desarrollos en Java\documents\target\classes started by chuamani in D:\Desarrollos en Java\documents)
2023-02-09 12:38:47,650 DEBUG com.dinet.documents.DocumentsApplication [restartedMain] Running with Spring Boot v2.7.8, Spring v5.3.25
2023-02-09 12:38:47,650 INFO com.dinet.documents.DocumentsApplication [restartedMain] No active profile set, falling back to 1 default profile: "default"
2023-02-09 12:49:05,262 INFO com.dinet.documents.DocumentsApplication [restartedMain] Starting DocumentsApplication using Java 17.0.5 on RLPT1177 with PID 16516 (D:\Desarrollos en Java\documents\target\classes started by chuamani in D:\Desarrollos en Java\documents)
2023-02-09 12:49:05,271 DEBUG com.dinet.documents.DocumentsApplication [restartedMain] Running with Spring Boot v2.7.8, Spring v5.3.25
2023-02-09 12:49:05,273 INFO com.dinet.documents.DocumentsApplication [restartedMain] No active profile set, falling back to 1 default profile: "default"
2023-02-09 12:50:30,284 INFO com.dinet.documents.DocumentsApplication [restartedMain] Started DocumentsApplication in 85.718 seconds (JVM running for 88.222)
2023-02-09 13:42:33,528 INFO com.dinet.documents.DocumentsApplication [restartedMain] Starting DocumentsApplication using Java 17.0.5 on RLPT1177 with PID 13560 (D:\Desarrollos en Java\documents\target\classes started by chuamani in D:\Desarrollos en Java\documents)
2023-02-09 13:42:33,534 DEBUG com.dinet.documents.DocumentsApplication [restartedMain] Running with Spring Boot v2.7.8, Spring v5.3.25
2023-02-09 13:42:33,534 INFO com.dinet.documents.DocumentsApplication [restartedMain] No active profile set, falling back to 1 default profile: "default"
2023-02-09 13:42:36,788 INFO com.dinet.documents.DocumentsApplication [restartedMain] Started DocumentsApplication in 3.593 seconds (JVM running for 4.615)
2023-02-09 13:44:18,378 INFO com.dinet.documents.DocumentsApplication [restartedMain] Starting DocumentsApplication using Java 17.0.5 on RLPT1177 with PID 13560 (D:\Desarrollos en Java\documents\target\classes started by chuamani in D:\Desarrollos en Java\documents)
2023-02-09 13:44:18,378 DEBUG com.dinet.documents.DocumentsApplication [restartedMain] Running with Spring Boot v2.7.8, Spring v5.3.25
2023-02-09 13:44:18,378 INFO com.dinet.documents.DocumentsApplication [restartedMain] No active profile set, falling back to 1 default profile: "default"
2023-02-09 13:54:32,481 INFO com.dinet.documents.DocumentsApplication [restartedMain] Starting DocumentsApplication using Java 17.0.5 on RLPT1177 with PID 21308 (D:\Desarrollos en Java\documents\target\classes started by chuamani in D:\Desarrollos en Java\documents)
2023-02-09 13:54:32,487 DEBUG com.dinet.documents.DocumentsApplication [restartedMain] Running with Spring Boot v2.7.8, Spring v5.3.25
2023-02-09 13:54:32,487 INFO com.dinet.documents.DocumentsApplication [restartedMain] No active profile set, falling back to 1 default profile: "default"
2023-02-09 13:54:36,219 INFO com.dinet.documents.DocumentsApplication [restartedMain] Started DocumentsApplication in 4.076 seconds (JVM running for 5.134)
2023-02-09 13:56:07,913 INFO com.dinet.documents.DocumentsApplication [restartedMain] Starting DocumentsApplication using Java 17.0.5 on RLPT1177 with PID 20928 (D:\Desarrollos en Java\documents\target\classes started by chuamani in D:\Desarrollos en Java\documents)
2023-02-09 13:56:07,916 DEBUG com.dinet.documents.DocumentsApplication [restartedMain] Running with Spring Boot v2.7.8, Spring v5.3.25
2023-02-09 13:56:07,916 INFO com.dinet.documents.DocumentsApplication [restartedMain] No active profile set, falling back to 1 default profile: "default"
2023-02-09 13:56:11,638 INFO com.dinet.documents.DocumentsApplication [restartedMain] Started DocumentsApplication in 4.028 seconds (JVM running for 4.975)
2023-02-09 13:57:25,828 INFO com.dinet.documents.DocumentsApplication [restartedMain] Starting DocumentsApplication using Java 17.0.5 on RLPT1177 with PID 20928 (D:\Desarrollos en Java\documents\target\classes started by chuamani in D:\Desarrollos en Java\documents)
2023-02-09 13:57:25,828 DEBUG com.dinet.documents.DocumentsApplication [restartedMain] Running with Spring Boot v2.7.8, Spring v5.3.25
2023-02-09 13:57:25,829 INFO com.dinet.documents.DocumentsApplication [restartedMain] No active profile set, falling back to 1 default profile: "default"
2023-02-09 13:57:28,343 INFO com.dinet.documents.DocumentsApplication [restartedMain] Started DocumentsApplication in 2.538 seconds (JVM running for 81.678)
2023-02-09 14:02:01,476 INFO com.dinet.documents.DocumentsApplication [restartedMain] Starting DocumentsApplication using Java 17.0.5 on RLPT1177 with PID 20928 (D:\Desarrollos en Java\documents\target\classes started by chuamani in D:\Desarrollos en Java\documents)
2023-02-09 14:02:01,477 DEBUG com.dinet.documents.DocumentsApplication [restartedMain] Running with Spring Boot v2.7.8, Spring v5.3.25
2023-02-09 14:02:01,477 INFO com.dinet.documents.DocumentsApplication [restartedMain] No active profile set, falling back to 1 default profile: "default"
2023-02-09 14:02:38,372 INFO com.dinet.documents.DocumentsApplication [restartedMain] Started DocumentsApplication in 36.926 seconds (JVM running for 391.707)
2023-02-09 14:29:18,089 INFO com.dinet.documents.DocumentsApplication [restartedMain] Starting DocumentsApplication using Java 17.0.5 on RLPT1177 with PID 25484 (D:\Desarrollos en Java\documents\target\classes started by chuamani in D:\Desarrollos en Java\documents)
2023-02-09 14:29:18,097 DEBUG com.dinet.documents.DocumentsApplication [restartedMain] Running with Spring Boot v2.7.8, Spring v5.3.25
2023-02-09 14:29:18,098 INFO com.dinet.documents.DocumentsApplication [restartedMain] No active profile set, falling back to 1 default profile: "default"
2023-02-09 14:29:28,591 INFO com.dinet.documents.DocumentsApplication [restartedMain] Started DocumentsApplication in 10.868 seconds (JVM running for 11.957)
2023-02-09 14:33:58,062 INFO com.dinet.documents.DocumentsApplication [restartedMain] Starting DocumentsApplication using Java 17.0.5 on RLPT1177 with PID 25484 (D:\Desarrollos en Java\documents\target\classes started by chuamani in D:\Desarrollos en Java\documents)
2023-02-09 14:33:58,062 DEBUG com.dinet.documents.DocumentsApplication [restartedMain] Running with Spring Boot v2.7.8, Spring v5.3.25
2023-02-09 14:33:58,062 INFO com.dinet.documents.DocumentsApplication [restartedMain] No active profile set, falling back to 1 default profile: "default"
2023-02-09 14:40:25,961 INFO com.dinet.documents.DocumentsApplication [restartedMain] Starting DocumentsApplication using Java 17.0.5 on RLPT1177 with PID 22708 (D:\Desarrollos en Java\documents\target\classes started by chuamani in D:\Desarrollos en Java\documents)
2023-02-09 14:40:25,966 DEBUG com.dinet.documents.DocumentsApplication [restartedMain] Running with Spring Boot v2.7.8, Spring v5.3.25
2023-02-09 14:40:25,967 INFO com.dinet.documents.DocumentsApplication [restartedMain] No active profile set, falling back to 1 default profile: "default"
2023-02-09 14:40:29,941 INFO com.dinet.documents.DocumentsApplication [restartedMain] Started DocumentsApplication in 4.313 seconds (JVM running for 5.348)
2023-02-09 14:46:46,166 INFO com.dinet.documents.DocumentsApplication [restartedMain] Starting DocumentsApplication using Java 17.0.5 on RLPT1177 with PID 20268 (D:\Desarrollos en Java\documents\target\classes started by chuamani in D:\Desarrollos en Java\documents)
2023-02-09 14:46:46,172 DEBUG com.dinet.documents.DocumentsApplication [restartedMain] Running with Spring Boot v2.7.8, Spring v5.3.25
2023-02-09 14:46:46,172 INFO com.dinet.documents.DocumentsApplication [restartedMain] No active profile set, falling back to 1 default profile: "default"
2023-02-09 14:46:50,561 INFO com.dinet.documents.DocumentsApplication [restartedMain] Started DocumentsApplication in 4.706 seconds (JVM running for 5.722)
2023-02-09 14:47:10,436 INFO com.dinet.documents.DocumentsApplication [restartedMain] Starting DocumentsApplication using Java 17.0.5 on RLPT1177 with PID 20268 (D:\Desarrollos en Java\documents\target\classes started by chuamani in D:\Desarrollos en Java\documents)
2023-02-09 14:47:10,437 DEBUG com.dinet.documents.DocumentsApplication [restartedMain] Running with Spring Boot v2.7.8, Spring v5.3.25
2023-02-09 14:47:10,437 INFO com.dinet.documents.DocumentsApplication [restartedMain] No active profile set, falling back to 1 default profile: "default"
2023-02-09 14:47:40,266 INFO com.dinet.documents.DocumentsApplication [restartedMain] Starting DocumentsApplication using Java 17.0.5 on RLPT1177 with PID 9852 (D:\Desarrollos en Java\documents\target\classes started by chuamani in D:\Desarrollos en Java\documents)
2023-02-09 14:47:40,272 DEBUG com.dinet.documents.DocumentsApplication [restartedMain] Running with Spring Boot v2.7.8, Spring v5.3.25
2023-02-09 14:47:40,272 INFO com.dinet.documents.DocumentsApplication [restartedMain] No active profile set, falling back to 1 default profile: "default"
2023-02-09 14:47:45,027 INFO com.dinet.documents.DocumentsApplication [restartedMain] Started DocumentsApplication in 5.086 seconds (JVM running for 6.046)
2023-02-09 14:48:11,056 INFO com.dinet.documents.DocumentsApplication [restartedMain] Starting DocumentsApplication using Java 17.0.5 on RLPT1177 with PID 9852 (D:\Desarrollos en Java\documents\target\classes started by chuamani in D:\Desarrollos en Java\documents)
2023-02-09 14:48:11,057 DEBUG com.dinet.documents.DocumentsApplication [restartedMain] Running with Spring Boot v2.7.8, Spring v5.3.25
2023-02-09 14:48:11,057 INFO com.dinet.documents.DocumentsApplication [restartedMain] No active profile set, falling back to 1 default profile: "default"
2023-02-09 14:48:13,742 INFO com.dinet.documents.DocumentsApplication [restartedMain] Started DocumentsApplication in 2.711 seconds (JVM running for 34.761)
2023-02-09 14:55:01,050 INFO com.dinet.documents.DocumentsApplication [restartedMain] Starting DocumentsApplication using Java 17.0.5 on RLPT1177 with PID 9852 (D:\Desarrollos en Java\documents\target\classes started by chuamani in D:\Desarrollos en Java\documents)
2023-02-09 14:55:01,050 DEBUG com.dinet.documents.DocumentsApplication [restartedMain] Running with Spring Boot v2.7.8, Spring v5.3.25
2023-02-09 14:55:01,051 INFO com.dinet.documents.DocumentsApplication [restartedMain] No active profile set, falling back to 1 default profile: "default"
2023-02-09 14:55:01,324 INFO com.dinet.documents.DocumentsApplication [restartedMain] Started DocumentsApplication in 0.301 seconds (JVM running for 442.342)
2023-02-09 14:55:26,321 INFO com.dinet.documents.DocumentsApplication [restartedMain] Starting DocumentsApplication using Java 17.0.5 on RLPT1177 with PID 9852 (D:\Desarrollos en Java\documents\target\classes started by chuamani in D:\Desarrollos en Java\documents)
2023-02-09 14:55:26,321 DEBUG com.dinet.documents.DocumentsApplication [restartedMain] Running with Spring Boot v2.7.8, Spring v5.3.25
2023-02-09 14:55:26,321 INFO com.dinet.documents.DocumentsApplication [restartedMain] No active profile set, falling back to 1 default profile: "default"
2023-02-09 14:55:26,592 INFO com.dinet.documents.DocumentsApplication [restartedMain] Started DocumentsApplication in 0.295 seconds (JVM running for 467.61)
2023-02-09 15:05:53,435 INFO com.dinet.documents.DocumentsApplication [restartedMain] Starting DocumentsApplication using Java 17.0.5 on RLPT1177 with PID 24664 (D:\Desarrollos en Java\documents\target\classes started by chuamani in D:\Desarrollos en Java\documents)
2023-02-09 15:05:53,436 DEBUG com.dinet.documents.DocumentsApplication [restartedMain] Running with Spring Boot v2.7.8, Spring v5.3.25
2023-02-09 15:05:53,436 INFO com.dinet.documents.DocumentsApplication [restartedMain] No active profile set, falling back to 1 default profile: "default"
2023-02-09 15:05:54,468 INFO com.dinet.documents.DocumentsApplication [restartedMain] Started DocumentsApplication in 1.297 seconds (JVM running for 2.058)
2023-02-09 15:08:56,714 INFO com.dinet.documents.DocumentsApplication [restartedMain] Starting DocumentsApplication using Java 17.0.5 on RLPT1177 with PID 24648 (D:\Desarrollos en Java\documents\target\classes started by chuamani in D:\Desarrollos en Java\documents)
2023-02-09 15:08:56,719 DEBUG com.dinet.documents.DocumentsApplication [restartedMain] Running with Spring Boot v2.7.8, Spring v5.3.25
2023-02-09 15:08:56,719 INFO com.dinet.documents.DocumentsApplication [restartedMain] No active profile set, falling back to 1 default profile: "default"
2023-02-09 15:08:57,973 INFO com.dinet.documents.DocumentsApplication [restartedMain] Started DocumentsApplication in 1.569 seconds (JVM running for 2.551)
2023-02-09 15:09:38,274 INFO com.dinet.documents.DocumentsApplication [restartedMain] Starting DocumentsApplication using Java 17.0.5 on RLPT1177 with PID 24648 (D:\Desarrollos en Java\documents\target\classes started by chuamani in D:\Desarrollos en Java\documents)
2023-02-09 15:09:38,274 DEBUG com.dinet.documents.DocumentsApplication [restartedMain] Running with Spring Boot v2.7.8, Spring v5.3.25
2023-02-09 15:09:38,274 INFO com.dinet.documents.DocumentsApplication [restartedMain] No active profile set, falling back to 1 default profile: "default"
2023-02-09 15:09:38,574 INFO com.dinet.documents.DocumentsApplication [restartedMain] Started DocumentsApplication in 0.325 seconds (JVM running for 43.151)
2023-02-09 15:09:42,157 INFO com.dinet.documents.DocumentsApplication [restartedMain] Starting DocumentsApplication using Java 17.0.5 on RLPT1177 with PID 24648 (D:\Desarrollos en Java\documents\target\classes started by chuamani in D:\Desarrollos en Java\documents)
2023-02-09 15:09:42,157 DEBUG com.dinet.documents.DocumentsApplication [restartedMain] Running with Spring Boot v2.7.8, Spring v5.3.25
2023-02-09 15:09:42,157 INFO com.dinet.documents.DocumentsApplication [restartedMain] No active profile set, falling back to 1 default profile: "default"
2023-02-09 15:09:42,418 INFO com.dinet.documents.DocumentsApplication [restartedMain] Started DocumentsApplication in 0.292 seconds (JVM running for 46.995)
2023-02-09 15:09:54,244 INFO com.dinet.documents.DocumentsApplication [restartedMain] Starting DocumentsApplication using Java 17.0.5 on RLPT1177 with PID 20084 (D:\Desarrollos en Java\documents\target\classes started by chuamani in D:\Desarrollos en Java\documents)
2023-02-09 15:09:54,248 DEBUG com.dinet.documents.DocumentsApplication [restartedMain] Running with Spring Boot v2.7.8, Spring v5.3.25
2023-02-09 15:09:54,249 INFO com.dinet.documents.DocumentsApplication [restartedMain] No active profile set, falling back to 1 default profile: "default"
2023-02-09 15:09:55,464 INFO com.dinet.documents.DocumentsApplication [restartedMain] Started DocumentsApplication in 1.491 seconds (JVM running for 2.411)
2023-02-09 15:11:37,338 INFO com.dinet.documents.DocumentsApplication [restartedMain] Starting DocumentsApplication using Java 17.0.5 on RLPT1177 with PID 20084 (D:\Desarrollos en Java\documents\target\classes started by chuamani in D:\Desarrollos en Java\documents)
2023-02-09 15:11:37,338 DEBUG com.dinet.documents.DocumentsApplication [restartedMain] Running with Spring Boot v2.7.8, Spring v5.3.25
2023-02-09 15:11:37,338 INFO com.dinet.documents.DocumentsApplication [restartedMain] No active profile set, falling back to 1 default profile: "default"
2023-02-09 15:11:37,624 INFO com.dinet.documents.DocumentsApplication [restartedMain] Started DocumentsApplication in 0.309 seconds (JVM running for 104.57)
2023-02-09 15:11:56,484 INFO com.dinet.documents.DocumentsApplication [restartedMain] Starting DocumentsApplication using Java 17.0.5 on RLPT1177 with PID 20084 (D:\Desarrollos en Java\documents\target\classes started by chuamani in D:\Desarrollos en Java\documents)
2023-02-09 15:11:56,484 DEBUG com.dinet.documents.DocumentsApplication [restartedMain] Running with Spring Boot v2.7.8, Spring v5.3.25
2023-02-09 15:11:56,484 INFO com.dinet.documents.DocumentsApplication [restartedMain] No active profile set, falling back to 1 default profile: "default"
2023-02-09 15:11:57,157 INFO com.dinet.documents.DocumentsApplication [restartedMain] Started DocumentsApplication in 0.705 seconds (JVM running for 124.104)
2023-02-09 15:12:10,860 INFO com.dinet.documents.DocumentsApplication [restartedMain] Starting DocumentsApplication using Java 17.0.5 on RLPT1177 with PID 20084 (D:\Desarrollos en Java\documents\target\classes started by chuamani in D:\Desarrollos en Java\documents)
2023-02-09 15:12:10,860 DEBUG com.dinet.documents.DocumentsApplication [restartedMain] Running with Spring Boot v2.7.8, Spring v5.3.25
2023-02-09 15:12:10,860 INFO com.dinet.documents.DocumentsApplication [restartedMain] No active profile set, falling back to 1 default profile: "default"
2023-02-09 15:12:11,078 INFO com.dinet.documents.DocumentsApplication [restartedMain] Started DocumentsApplication in 0.244 seconds (JVM running for 138.025)
2023-02-09 15:12:37,159 INFO com.dinet.documents.DocumentsApplication [restartedMain] Starting DocumentsApplication using Java 17.0.5 on RLPT1177 with PID 20084 (D:\Desarrollos en Java\documents\target\classes started by chuamani in D:\Desarrollos en Java\documents)
2023-02-09 15:12:37,159 DEBUG com.dinet.documents.DocumentsApplication [restartedMain] Running with Spring Boot v2.7.8, Spring v5.3.25
2023-02-09 15:12:37,159 INFO com.dinet.documents.DocumentsApplication [restartedMain] No active profile set, falling back to 1 default profile: "default"
2023-02-09 15:12:37,383 INFO com.dinet.documents.DocumentsApplication [restartedMain] Started DocumentsApplication in 0.248 seconds (JVM running for 164.329)
2023-02-09 15:12:41,994 INFO com.dinet.documents.DocumentsApplication [restartedMain] Starting DocumentsApplication using Java 17.0.5 on RLPT1177 with PID 26304 (D:\Desarrollos en Java\documents\target\classes started by chuamani in D:\Desarrollos en Java\documents)
2023-02-09 15:12:41,998 DEBUG com.dinet.documents.DocumentsApplication [restartedMain] Running with Spring Boot v2.7.8, Spring v5.3.25
2023-02-09 15:12:41,999 INFO com.dinet.documents.DocumentsApplication [restartedMain] No active profile set, falling back to 1 default profile: "default"
2023-02-09 15:12:43,255 INFO com.dinet.documents.DocumentsApplication [restartedMain] Started DocumentsApplication in 1.573 seconds (JVM running for 2.513)
2023-02-09 15:13:34,853 INFO com.dinet.documents.DocumentsApplication [restartedMain] Starting DocumentsApplication using Java 17.0.5 on RLPT1177 with PID 26304 (D:\Desarrollos en Java\documents\target\classes started by chuamani in D:\Desarrollos en Java\documents)
2023-02-09 15:13:34,853 DEBUG com.dinet.documents.DocumentsApplication [restartedMain] Running with Spring Boot v2.7.8, Spring v5.3.25
2023-02-09 15:13:34,853 INFO com.dinet.documents.DocumentsApplication [restartedMain] No active profile set, falling back to 1 default profile: "default"
2023-02-09 15:13:35,123 INFO com.dinet.documents.DocumentsApplication [restartedMain] Started DocumentsApplication in 0.294 seconds (JVM running for 54.38)
2023-02-09 15:19:54,718 INFO com.dinet.documents.DocumentsApplication [restartedMain] Starting DocumentsApplication using Java 17.0.5 on RLPT1177 with PID 26304 (D:\Desarrollos en Java\documents\target\classes started by chuamani in D:\Desarrollos en Java\documents)
2023-02-09 15:19:54,719 DEBUG com.dinet.documents.DocumentsApplication [restartedMain] Running with Spring Boot v2.7.8, Spring v5.3.25
2023-02-09 15:19:54,719 INFO com.dinet.documents.DocumentsApplication [restartedMain] No active profile set, falling back to 1 default profile: "default"
2023-02-09 15:19:55,012 INFO com.dinet.documents.DocumentsApplication [restartedMain] Started DocumentsApplication in 0.321 seconds (JVM running for 434.27)
2023-02-09 15:20:27,130 INFO com.dinet.documents.DocumentsApplication [restartedMain] Starting DocumentsApplication using Java 17.0.5 on RLPT1177 with PID 26304 (D:\Desarrollos en Java\documents\target\classes started by chuamani in D:\Desarrollos en Java\documents)
2023-02-09 15:20:27,130 DEBUG com.dinet.documents.DocumentsApplication [restartedMain] Running with Spring Boot v2.7.8, Spring v5.3.25
2023-02-09 15:20:27,130 INFO com.dinet.documents.DocumentsApplication [restartedMain] No active profile set, falling back to 1 default profile: "default"
2023-02-09 15:20:27,472 INFO com.dinet.documents.DocumentsApplication [restartedMain] Started DocumentsApplication in 0.372 seconds (JVM running for 466.729)
2023-02-09 15:20:34,096 INFO com.dinet.documents.DocumentsApplication [restartedMain] Starting DocumentsApplication using Java 17.0.5 on RLPT1177 with PID 26304 (D:\Desarrollos en Java\documents\target\classes started by chuamani in D:\Desarrollos en Java\documents)
2023-02-09 15:20:34,096 DEBUG com.dinet.documents.DocumentsApplication [restartedMain] Running with Spring Boot v2.7.8, Spring v5.3.25
2023-02-09 15:20:34,096 INFO com.dinet.documents.DocumentsApplication [restartedMain] No active profile set, falling back to 1 default profile: "default"
2023-02-09 15:20:34,322 INFO com.dinet.documents.DocumentsApplication [restartedMain] Started DocumentsApplication in 0.249 seconds (JVM running for 473.579)
